<?xml version="1.0" encoding="UTF-8"?>
<!-- Generated by org.testng.reporters.JUnitXMLReporter -->
<testsuite hostname="DESKTOP-CPNL6G4" ignored="0" name="Run on firefox" tests="2" failures="0" timestamp="22 Jul 2021 17:38:59 GMT" time="46.247" errors="0">
  <testcase name="User_01_Register" time="12.068" classname="com.nopcommerce.user.Level_15_Register_Login_Pattern_Object"/>
  <testcase name="User_02_Login" time="6.811" classname="com.nopcommerce.user.Level_15_Register_Login_Pattern_Object"/>
</testsuite> <!-- Run on firefox -->
